[32m[1218 13:23:17 @logger.py:74][0m Argv: PTB-LSTM.py
[32m[1218 13:23:17 @fs.py:89][0m [5m[31mWRN[0m Env var $TENSORPACK_DATASET not set, using /home/9/17R70036/tensorpack_data for datasets.
[32m[1218 13:23:18 @inference_runner.py:79][0m InferenceRunner will eval 105 iterations
[32m[1218 13:23:18 @inference_runner.py:79][0m InferenceRunner will eval 117 iterations
[32m[1218 13:23:18 @PTB-LSTM.py:83][0m Binarizing weight c0
[32m[1218 13:23:18 @PTB-LSTM.py:83][0m Binarizing weight h0
[32m[1218 13:23:18 @PTB-LSTM.py:83][0m Binarizing weight c1
[32m[1218 13:23:18 @PTB-LSTM.py:83][0m Binarizing weight h1
[32m[1218 13:23:18 @PTB-LSTM.py:83][0m Binarizing weight embedding
[32m[1218 13:23:18 @PTB-LSTM.py:83][0m Binarizing weight LSTM/rnn/multi_rnn_cell/cell_0/basic_lstm_cell/kernel
[32m[1218 13:23:18 @PTB-LSTM.py:83][0m Binarizing weight LSTM/rnn/multi_rnn_cell/cell_0/basic_lstm_cell/bias
[32m[1218 13:23:18 @PTB-LSTM.py:83][0m Binarizing weight LSTM/rnn/multi_rnn_cell/cell_1/basic_lstm_cell/kernel
[32m[1218 13:23:18 @PTB-LSTM.py:83][0m Binarizing weight LSTM/rnn/multi_rnn_cell/cell_1/basic_lstm_cell/bias
[32m[1218 13:23:18 @PTB-LSTM.py:83][0m Binarizing weight LSTM/rnn/multi_rnn_cell/cell_0/basic_lstm_cell/kernel
[32m[1218 13:23:18 @PTB-LSTM.py:83][0m Binarizing weight LSTM/rnn/multi_rnn_cell/cell_0/basic_lstm_cell/bias
[32m[1218 13:23:18 @PTB-LSTM.py:83][0m Binarizing weight LSTM/rnn/multi_rnn_cell/cell_1/basic_lstm_cell/kernel
[32m[1218 13:23:18 @PTB-LSTM.py:83][0m Binarizing weight LSTM/rnn/multi_rnn_cell/cell_1/basic_lstm_cell/bias
[32m[1218 13:23:18 @PTB-LSTM.py:83][0m Binarizing weight LSTM/rnn/multi_rnn_cell/cell_0/basic_lstm_cell/kernel
[32m[1218 13:23:18 @PTB-LSTM.py:83][0m Binarizing weight LSTM/rnn/multi_rnn_cell/cell_0/basic_lstm_cell/bias
[32m[1218 13:23:18 @PTB-LSTM.py:83][0m Binarizing weight LSTM/rnn/multi_rnn_cell/cell_1/basic_lstm_cell/kernel
[32m[1218 13:23:18 @PTB-LSTM.py:83][0m Binarizing weight LSTM/rnn/multi_rnn_cell/cell_1/basic_lstm_cell/bias
[32m[1218 13:23:18 @PTB-LSTM.py:83][0m Binarizing weight LSTM/rnn/multi_rnn_cell/cell_0/basic_lstm_cell/kernel
[32m[1218 13:23:18 @PTB-LSTM.py:83][0m Binarizing weight LSTM/rnn/multi_rnn_cell/cell_0/basic_lstm_cell/bias
[32m[1218 13:23:18 @PTB-LSTM.py:83][0m Binarizing weight LSTM/rnn/multi_rnn_cell/cell_1/basic_lstm_cell/kernel
[32m[1218 13:23:18 @PTB-LSTM.py:83][0m Binarizing weight LSTM/rnn/multi_rnn_cell/cell_1/basic_lstm_cell/bias
[32m[1218 13:23:18 @PTB-LSTM.py:83][0m Binarizing weight LSTM/rnn/multi_rnn_cell/cell_0/basic_lstm_cell/kernel
[32m[1218 13:23:18 @PTB-LSTM.py:83][0m Binarizing weight LSTM/rnn/multi_rnn_cell/cell_0/basic_lstm_cell/bias
[32m[1218 13:23:18 @PTB-LSTM.py:83][0m Binarizing weight LSTM/rnn/multi_rnn_cell/cell_1/basic_lstm_cell/kernel
[32m[1218 13:23:18 @PTB-LSTM.py:83][0m Binarizing weight LSTM/rnn/multi_rnn_cell/cell_1/basic_lstm_cell/bias
[32m[1218 13:23:18 @PTB-LSTM.py:83][0m Binarizing weight LSTM/rnn/multi_rnn_cell/cell_0/basic_lstm_cell/kernel
[32m[1218 13:23:18 @PTB-LSTM.py:83][0m Binarizing weight LSTM/rnn/multi_rnn_cell/cell_0/basic_lstm_cell/bias
[32m[1218 13:23:18 @PTB-LSTM.py:83][0m Binarizing weight LSTM/rnn/multi_rnn_cell/cell_1/basic_lstm_cell/kernel
[32m[1218 13:23:18 @PTB-LSTM.py:83][0m Binarizing weight LSTM/rnn/multi_rnn_cell/cell_1/basic_lstm_cell/bias
[32m[1218 13:23:18 @PTB-LSTM.py:83][0m Binarizing weight LSTM/rnn/multi_rnn_cell/cell_0/basic_lstm_cell/kernel
[32m[1218 13:23:18 @PTB-LSTM.py:83][0m Binarizing weight LSTM/rnn/multi_rnn_cell/cell_0/basic_lstm_cell/bias
[32m[1218 13:23:18 @PTB-LSTM.py:83][0m Binarizing weight LSTM/rnn/multi_rnn_cell/cell_1/basic_lstm_cell/kernel
[32m[1218 13:23:18 @PTB-LSTM.py:83][0m Binarizing weight LSTM/rnn/multi_rnn_cell/cell_1/basic_lstm_cell/bias
[32m[1218 13:23:18 @PTB-LSTM.py:83][0m Binarizing weight LSTM/rnn/multi_rnn_cell/cell_0/basic_lstm_cell/kernel
[32m[1218 13:23:18 @PTB-LSTM.py:83][0m Binarizing weight LSTM/rnn/multi_rnn_cell/cell_0/basic_lstm_cell/bias
[32m[1218 13:23:18 @PTB-LSTM.py:83][0m Binarizing weight LSTM/rnn/multi_rnn_cell/cell_1/basic_lstm_cell/kernel
[32m[1218 13:23:18 @PTB-LSTM.py:83][0m Binarizing weight LSTM/rnn/multi_rnn_cell/cell_1/basic_lstm_cell/bias
[32m[1218 13:23:18 @PTB-LSTM.py:83][0m Binarizing weight LSTM/rnn/multi_rnn_cell/cell_0/basic_lstm_cell/kernel
[32m[1218 13:23:18 @PTB-LSTM.py:83][0m Binarizing weight LSTM/rnn/multi_rnn_cell/cell_0/basic_lstm_cell/bias
[32m[1218 13:23:18 @PTB-LSTM.py:83][0m Binarizing weight LSTM/rnn/multi_rnn_cell/cell_1/basic_lstm_cell/kernel
[32m[1218 13:23:18 @PTB-LSTM.py:83][0m Binarizing weight LSTM/rnn/multi_rnn_cell/cell_1/basic_lstm_cell/bias
[32m[1218 13:23:18 @PTB-LSTM.py:83][0m Binarizing weight LSTM/rnn/multi_rnn_cell/cell_0/basic_lstm_cell/kernel
[32m[1218 13:23:18 @PTB-LSTM.py:83][0m Binarizing weight LSTM/rnn/multi_rnn_cell/cell_0/basic_lstm_cell/bias
[32m[1218 13:23:18 @PTB-LSTM.py:83][0m Binarizing weight LSTM/rnn/multi_rnn_cell/cell_1/basic_lstm_cell/kernel
[32m[1218 13:23:18 @PTB-LSTM.py:83][0m Binarizing weight LSTM/rnn/multi_rnn_cell/cell_1/basic_lstm_cell/bias
[32m[1218 13:23:18 @PTB-LSTM.py:83][0m Binarizing weight LSTM/rnn/multi_rnn_cell/cell_0/basic_lstm_cell/kernel
[32m[1218 13:23:18 @PTB-LSTM.py:83][0m Binarizing weight LSTM/rnn/multi_rnn_cell/cell_0/basic_lstm_cell/bias
[32m[1218 13:23:18 @PTB-LSTM.py:83][0m Binarizing weight LSTM/rnn/multi_rnn_cell/cell_1/basic_lstm_cell/kernel
[32m[1218 13:23:18 @PTB-LSTM.py:83][0m Binarizing weight LSTM/rnn/multi_rnn_cell/cell_1/basic_lstm_cell/bias
[32m[1218 13:23:18 @PTB-LSTM.py:83][0m Binarizing weight LSTM/rnn/multi_rnn_cell/cell_0/basic_lstm_cell/kernel
[32m[1218 13:23:18 @PTB-LSTM.py:83][0m Binarizing weight LSTM/rnn/multi_rnn_cell/cell_0/basic_lstm_cell/bias
[32m[1218 13:23:18 @PTB-LSTM.py:83][0m Binarizing weight LSTM/rnn/multi_rnn_cell/cell_1/basic_lstm_cell/kernel
[32m[1218 13:23:18 @PTB-LSTM.py:83][0m Binarizing weight LSTM/rnn/multi_rnn_cell/cell_1/basic_lstm_cell/bias
[32m[1218 13:23:18 @PTB-LSTM.py:83][0m Binarizing weight LSTM/rnn/multi_rnn_cell/cell_0/basic_lstm_cell/kernel
[32m[1218 13:23:18 @PTB-LSTM.py:83][0m Binarizing weight LSTM/rnn/multi_rnn_cell/cell_0/basic_lstm_cell/bias
[32m[1218 13:23:18 @PTB-LSTM.py:83][0m Binarizing weight LSTM/rnn/multi_rnn_cell/cell_1/basic_lstm_cell/kernel
[32m[1218 13:23:18 @PTB-LSTM.py:83][0m Binarizing weight LSTM/rnn/multi_rnn_cell/cell_1/basic_lstm_cell/bias
[32m[1218 13:23:18 @PTB-LSTM.py:83][0m Binarizing weight LSTM/rnn/multi_rnn_cell/cell_0/basic_lstm_cell/kernel
[32m[1218 13:23:18 @PTB-LSTM.py:83][0m Binarizing weight LSTM/rnn/multi_rnn_cell/cell_0/basic_lstm_cell/bias
[32m[1218 13:23:19 @PTB-LSTM.py:83][0m Binarizing weight LSTM/rnn/multi_rnn_cell/cell_1/basic_lstm_cell/kernel
[32m[1218 13:23:19 @PTB-LSTM.py:83][0m Binarizing weight LSTM/rnn/multi_rnn_cell/cell_1/basic_lstm_cell/bias
[32m[1218 13:23:19 @PTB-LSTM.py:83][0m Binarizing weight LSTM/rnn/multi_rnn_cell/cell_0/basic_lstm_cell/kernel
[32m[1218 13:23:19 @PTB-LSTM.py:83][0m Binarizing weight LSTM/rnn/multi_rnn_cell/cell_0/basic_lstm_cell/bias
[32m[1218 13:23:19 @PTB-LSTM.py:83][0m Binarizing weight LSTM/rnn/multi_rnn_cell/cell_1/basic_lstm_cell/kernel
[32m[1218 13:23:19 @PTB-LSTM.py:83][0m Binarizing weight LSTM/rnn/multi_rnn_cell/cell_1/basic_lstm_cell/bias
[32m[1218 13:23:19 @PTB-LSTM.py:83][0m Binarizing weight LSTM/rnn/multi_rnn_cell/cell_0/basic_lstm_cell/kernel
[32m[1218 13:23:19 @PTB-LSTM.py:83][0m Binarizing weight LSTM/rnn/multi_rnn_cell/cell_0/basic_lstm_cell/bias
[32m[1218 13:23:19 @PTB-LSTM.py:83][0m Binarizing weight LSTM/rnn/multi_rnn_cell/cell_1/basic_lstm_cell/kernel
[32m[1218 13:23:19 @PTB-LSTM.py:83][0m Binarizing weight LSTM/rnn/multi_rnn_cell/cell_1/basic_lstm_cell/bias
[32m[1218 13:23:19 @PTB-LSTM.py:83][0m Binarizing weight LSTM/rnn/multi_rnn_cell/cell_0/basic_lstm_cell/kernel
[32m[1218 13:23:19 @PTB-LSTM.py:83][0m Binarizing weight LSTM/rnn/multi_rnn_cell/cell_0/basic_lstm_cell/bias
[32m[1218 13:23:19 @PTB-LSTM.py:83][0m Binarizing weight LSTM/rnn/multi_rnn_cell/cell_1/basic_lstm_cell/kernel
[32m[1218 13:23:19 @PTB-LSTM.py:83][0m Binarizing weight LSTM/rnn/multi_rnn_cell/cell_1/basic_lstm_cell/bias
[32m[1218 13:23:19 @PTB-LSTM.py:83][0m Binarizing weight LSTM/rnn/multi_rnn_cell/cell_0/basic_lstm_cell/kernel
[32m[1218 13:23:19 @PTB-LSTM.py:83][0m Binarizing weight LSTM/rnn/multi_rnn_cell/cell_0/basic_lstm_cell/bias
[32m[1218 13:23:19 @PTB-LSTM.py:83][0m Binarizing weight LSTM/rnn/multi_rnn_cell/cell_1/basic_lstm_cell/kernel
[32m[1218 13:23:19 @PTB-LSTM.py:83][0m Binarizing weight LSTM/rnn/multi_rnn_cell/cell_1/basic_lstm_cell/bias
[32m[1218 13:23:19 @PTB-LSTM.py:83][0m Binarizing weight LSTM/rnn/multi_rnn_cell/cell_0/basic_lstm_cell/kernel
[32m[1218 13:23:19 @PTB-LSTM.py:83][0m Binarizing weight LSTM/rnn/multi_rnn_cell/cell_0/basic_lstm_cell/bias
[32m[1218 13:23:19 @PTB-LSTM.py:83][0m Binarizing weight LSTM/rnn/multi_rnn_cell/cell_1/basic_lstm_cell/kernel
[32m[1218 13:23:19 @PTB-LSTM.py:83][0m Binarizing weight LSTM/rnn/multi_rnn_cell/cell_1/basic_lstm_cell/bias
[32m[1218 13:23:19 @PTB-LSTM.py:83][0m Binarizing weight LSTM/rnn/multi_rnn_cell/cell_0/basic_lstm_cell/kernel
[32m[1218 13:23:19 @PTB-LSTM.py:83][0m Binarizing weight LSTM/rnn/multi_rnn_cell/cell_0/basic_lstm_cell/bias
[32m[1218 13:23:19 @PTB-LSTM.py:83][0m Binarizing weight LSTM/rnn/multi_rnn_cell/cell_1/basic_lstm_cell/kernel
[32m[1218 13:23:19 @PTB-LSTM.py:83][0m Binarizing weight LSTM/rnn/multi_rnn_cell/cell_1/basic_lstm_cell/bias
[32m[1218 13:23:19 @PTB-LSTM.py:83][0m Binarizing weight LSTM/rnn/multi_rnn_cell/cell_0/basic_lstm_cell/kernel
[32m[1218 13:23:19 @PTB-LSTM.py:83][0m Binarizing weight LSTM/rnn/multi_rnn_cell/cell_0/basic_lstm_cell/bias
[32m[1218 13:23:19 @PTB-LSTM.py:83][0m Binarizing weight LSTM/rnn/multi_rnn_cell/cell_1/basic_lstm_cell/kernel
[32m[1218 13:23:19 @PTB-LSTM.py:83][0m Binarizing weight LSTM/rnn/multi_rnn_cell/cell_1/basic_lstm_cell/bias
[32m[1218 13:23:19 @PTB-LSTM.py:83][0m Binarizing weight LSTM/rnn/multi_rnn_cell/cell_0/basic_lstm_cell/kernel
[32m[1218 13:23:19 @PTB-LSTM.py:83][0m Binarizing weight LSTM/rnn/multi_rnn_cell/cell_0/basic_lstm_cell/bias
[32m[1218 13:23:19 @PTB-LSTM.py:83][0m Binarizing weight LSTM/rnn/multi_rnn_cell/cell_1/basic_lstm_cell/kernel
[32m[1218 13:23:19 @PTB-LSTM.py:83][0m Binarizing weight LSTM/rnn/multi_rnn_cell/cell_1/basic_lstm_cell/bias
[32m[1218 13:23:19 @PTB-LSTM.py:83][0m Binarizing weight LSTM/rnn/multi_rnn_cell/cell_0/basic_lstm_cell/kernel
[32m[1218 13:23:19 @PTB-LSTM.py:83][0m Binarizing weight LSTM/rnn/multi_rnn_cell/cell_0/basic_lstm_cell/bias
[32m[1218 13:23:19 @PTB-LSTM.py:83][0m Binarizing weight LSTM/rnn/multi_rnn_cell/cell_1/basic_lstm_cell/kernel
[32m[1218 13:23:19 @PTB-LSTM.py:83][0m Binarizing weight LSTM/rnn/multi_rnn_cell/cell_1/basic_lstm_cell/bias
[32m[1218 13:23:19 @PTB-LSTM.py:83][0m Binarizing weight LSTM/rnn/multi_rnn_cell/cell_0/basic_lstm_cell/kernel
[32m[1218 13:23:19 @PTB-LSTM.py:83][0m Binarizing weight LSTM/rnn/multi_rnn_cell/cell_0/basic_lstm_cell/bias
[32m[1218 13:23:19 @PTB-LSTM.py:83][0m Binarizing weight LSTM/rnn/multi_rnn_cell/cell_1/basic_lstm_cell/kernel
[32m[1218 13:23:19 @PTB-LSTM.py:83][0m Binarizing weight LSTM/rnn/multi_rnn_cell/cell_1/basic_lstm_cell/bias
[32m[1218 13:23:19 @PTB-LSTM.py:83][0m Binarizing weight LSTM/rnn/multi_rnn_cell/cell_0/basic_lstm_cell/kernel
[32m[1218 13:23:19 @PTB-LSTM.py:83][0m Binarizing weight LSTM/rnn/multi_rnn_cell/cell_0/basic_lstm_cell/bias
[32m[1218 13:23:19 @PTB-LSTM.py:83][0m Binarizing weight LSTM/rnn/multi_rnn_cell/cell_1/basic_lstm_cell/kernel
[32m[1218 13:23:19 @PTB-LSTM.py:83][0m Binarizing weight LSTM/rnn/multi_rnn_cell/cell_1/basic_lstm_cell/bias
[32m[1218 13:23:19 @PTB-LSTM.py:83][0m Binarizing weight LSTM/rnn/multi_rnn_cell/cell_0/basic_lstm_cell/kernel
[32m[1218 13:23:19 @PTB-LSTM.py:83][0m Binarizing weight LSTM/rnn/multi_rnn_cell/cell_0/basic_lstm_cell/bias
[32m[1218 13:23:19 @PTB-LSTM.py:83][0m Binarizing weight LSTM/rnn/multi_rnn_cell/cell_1/basic_lstm_cell/kernel
[32m[1218 13:23:19 @PTB-LSTM.py:83][0m Binarizing weight LSTM/rnn/multi_rnn_cell/cell_1/basic_lstm_cell/bias
[32m[1218 13:23:19 @PTB-LSTM.py:83][0m Binarizing weight LSTM/rnn/multi_rnn_cell/cell_0/basic_lstm_cell/kernel
[32m[1218 13:23:19 @PTB-LSTM.py:83][0m Binarizing weight LSTM/rnn/multi_rnn_cell/cell_0/basic_lstm_cell/bias
[32m[1218 13:23:19 @PTB-LSTM.py:83][0m Binarizing weight LSTM/rnn/multi_rnn_cell/cell_1/basic_lstm_cell/kernel
[32m[1218 13:23:19 @PTB-LSTM.py:83][0m Binarizing weight LSTM/rnn/multi_rnn_cell/cell_1/basic_lstm_cell/bias
[32m[1218 13:23:19 @PTB-LSTM.py:83][0m Binarizing weight LSTM/rnn/multi_rnn_cell/cell_0/basic_lstm_cell/kernel
[32m[1218 13:23:19 @PTB-LSTM.py:83][0m Binarizing weight LSTM/rnn/multi_rnn_cell/cell_0/basic_lstm_cell/bias
[32m[1218 13:23:19 @PTB-LSTM.py:83][0m Binarizing weight LSTM/rnn/multi_rnn_cell/cell_1/basic_lstm_cell/kernel
[32m[1218 13:23:19 @PTB-LSTM.py:83][0m Binarizing weight LSTM/rnn/multi_rnn_cell/cell_1/basic_lstm_cell/bias
[32m[1218 13:23:19 @PTB-LSTM.py:83][0m Binarizing weight LSTM/rnn/multi_rnn_cell/cell_0/basic_lstm_cell/kernel
[32m[1218 13:23:19 @PTB-LSTM.py:83][0m Binarizing weight LSTM/rnn/multi_rnn_cell/cell_0/basic_lstm_cell/bias
[32m[1218 13:23:19 @PTB-LSTM.py:83][0m Binarizing weight LSTM/rnn/multi_rnn_cell/cell_1/basic_lstm_cell/kernel
[32m[1218 13:23:19 @PTB-LSTM.py:83][0m Binarizing weight LSTM/rnn/multi_rnn_cell/cell_1/basic_lstm_cell/bias
[32m[1218 13:23:19 @PTB-LSTM.py:83][0m Binarizing weight LSTM/rnn/multi_rnn_cell/cell_0/basic_lstm_cell/kernel
[32m[1218 13:23:19 @PTB-LSTM.py:83][0m Binarizing weight LSTM/rnn/multi_rnn_cell/cell_0/basic_lstm_cell/bias
[32m[1218 13:23:19 @PTB-LSTM.py:83][0m Binarizing weight LSTM/rnn/multi_rnn_cell/cell_1/basic_lstm_cell/kernel
[32m[1218 13:23:19 @PTB-LSTM.py:83][0m Binarizing weight LSTM/rnn/multi_rnn_cell/cell_1/basic_lstm_cell/bias
[32m[1218 13:23:19 @PTB-LSTM.py:83][0m Binarizing weight LSTM/rnn/multi_rnn_cell/cell_0/basic_lstm_cell/kernel
[32m[1218 13:23:19 @PTB-LSTM.py:83][0m Binarizing weight LSTM/rnn/multi_rnn_cell/cell_0/basic_lstm_cell/bias
[32m[1218 13:23:19 @PTB-LSTM.py:83][0m Binarizing weight LSTM/rnn/multi_rnn_cell/cell_1/basic_lstm_cell/kernel
[32m[1218 13:23:19 @PTB-LSTM.py:83][0m Binarizing weight LSTM/rnn/multi_rnn_cell/cell_1/basic_lstm_cell/bias
[32m[1218 13:23:19 @PTB-LSTM.py:83][0m Binarizing weight LSTM/rnn/multi_rnn_cell/cell_0/basic_lstm_cell/kernel
[32m[1218 13:23:19 @PTB-LSTM.py:83][0m Binarizing weight LSTM/rnn/multi_rnn_cell/cell_0/basic_lstm_cell/bias
[32m[1218 13:23:19 @PTB-LSTM.py:83][0m Binarizing weight LSTM/rnn/multi_rnn_cell/cell_1/basic_lstm_cell/kernel
[32m[1218 13:23:19 @PTB-LSTM.py:83][0m Binarizing weight LSTM/rnn/multi_rnn_cell/cell_1/basic_lstm_cell/bias
[32m[1218 13:23:19 @PTB-LSTM.py:83][0m Binarizing weight LSTM/rnn/multi_rnn_cell/cell_0/basic_lstm_cell/kernel
[32m[1218 13:23:19 @PTB-LSTM.py:83][0m Binarizing weight LSTM/rnn/multi_rnn_cell/cell_0/basic_lstm_cell/bias
[32m[1218 13:23:20 @PTB-LSTM.py:83][0m Binarizing weight LSTM/rnn/multi_rnn_cell/cell_1/basic_lstm_cell/kernel
[32m[1218 13:23:20 @PTB-LSTM.py:83][0m Binarizing weight LSTM/rnn/multi_rnn_cell/cell_1/basic_lstm_cell/bias
[32m[1218 13:23:20 @PTB-LSTM.py:83][0m Binarizing weight LSTM/rnn/multi_rnn_cell/cell_0/basic_lstm_cell/kernel
[32m[1218 13:23:20 @PTB-LSTM.py:83][0m Binarizing weight LSTM/rnn/multi_rnn_cell/cell_0/basic_lstm_cell/bias
[32m[1218 13:23:20 @PTB-LSTM.py:83][0m Binarizing weight LSTM/rnn/multi_rnn_cell/cell_1/basic_lstm_cell/kernel
[32m[1218 13:23:20 @PTB-LSTM.py:83][0m Binarizing weight LSTM/rnn/multi_rnn_cell/cell_1/basic_lstm_cell/bias
[32m[1218 13:23:20 @PTB-LSTM.py:83][0m Binarizing weight LSTM/rnn/multi_rnn_cell/cell_0/basic_lstm_cell/kernel
[32m[1218 13:23:20 @PTB-LSTM.py:83][0m Binarizing weight LSTM/rnn/multi_rnn_cell/cell_0/basic_lstm_cell/bias
[32m[1218 13:23:20 @PTB-LSTM.py:83][0m Binarizing weight LSTM/rnn/multi_rnn_cell/cell_1/basic_lstm_cell/kernel
[32m[1218 13:23:20 @PTB-LSTM.py:83][0m Binarizing weight LSTM/rnn/multi_rnn_cell/cell_1/basic_lstm_cell/bias
